[INFO] 16:14:02:411 Memoria/(7555:7555): Se han inicializado las estructuras administrativas de memoria...
[INFO] 16:14:05:795 Memoria/(7555:7555): Conexion a consola memoria exitosa...

[INFO] 16:14:12:93 Memoria/(7555:7555): Registro nueva conexion de socket: 5

[INFO] 16:14:15:135 Memoria/(7555:7555): Se registro conexion de Kernel...

[INFO] 16:14:15:253 Memoria/(7555:7555): Handshake con kernel realizado.
[INFO] 16:14:28:443 Memoria/(7555:7555): Registro nueva conexion de socket: 6

[INFO] 16:14:44:739 Memoria/(7555:7555): Se registro nueva CPU...

[INFO] 16:15:23:21 Memoria/(7767:7767): Se han inicializado las estructuras administrativas de memoria...
[INFO] 16:15:25:55 Memoria/(7767:7767): Conexion a consola memoria exitosa...

[INFO] 16:15:33:31 Memoria/(7767:7767): Registro nueva conexion de socket: 5

[INFO] 16:15:36:59 Memoria/(7767:7767): Se registro conexion de Kernel...

[INFO] 16:15:36:180 Memoria/(7767:7767): Handshake con kernel realizado.
[INFO] 16:15:44:718 Memoria/(7767:7767): Registro nueva conexion de socket: 6

[INFO] 16:15:48:692 Memoria/(7767:7767): Se registro nueva CPU...

[INFO] 11:11:12:404 Memoria/(3779:3779): Levantando memoria desde archivo de configuracion...
[INFO] 11:11:31:667 Memoria/(3779:3779): Se han inicializado las estructuras administrativas de memoria...
[INFO] 11:11:34:195 Memoria/(3779:3779): Escuchando clientes...
[INFO] 11:11:36:496 Memoria/(3779:3805): Esperando comando en la consola de memoria...
[INFO] 11:11:36:850 Memoria/(3779:3779): Conexion a consola memoria exitosa...

[INFO] 11:11:42:678 Memoria/(3779:3779): Se recibio una conexion de un socket cliente...
[INFO] 11:11:48:991 Memoria/(3779:3779): Registro nueva conexion de socket: 5

[INFO] 11:11:50:434 Memoria/(3779:3779): Se recibio una conexion de un socket cliente...
[INFO] 11:13:12:583 Memoria/(3973:3973): Levantando memoria desde archivo de configuracion...
[INFO] 11:13:13:925 Memoria/(3973:3973): Se han inicializado las estructuras administrativas de memoria...
[INFO] 11:13:24:160 Memoria/(4016:4016): Levantando memoria desde archivo de configuracion...
[INFO] 11:13:24:769 Memoria/(4016:4016): Se han inicializado las estructuras administrativas de memoria...
[INFO] 11:13:25:243 Memoria/(4016:4016): Escuchando clientes...
[INFO] 11:13:25:607 Memoria/(4016:4038): Esperando comando en la consola de memoria...
[INFO] 11:13:25:726 Memoria/(4016:4016): Conexion a consola memoria exitosa...

[INFO] 11:13:28:62 Memoria/(4016:4016): Se recibio una conexion de un socket cliente...
[INFO] 11:13:30:139 Memoria/(4016:4016): Registro nueva conexion de socket: 5

[INFO] 11:13:30:991 Memoria/(4016:4016): Se recibio una conexion de un socket cliente...
[INFO] 11:13:35:718 Memoria/(4016:4016): Se registro conexion de Kernel...

[INFO] 11:13:36:221 Memoria/(4016:4016): Handshake con kernel realizado.
[INFO] 11:13:38:383 Memoria/(4016:4088): Ser recibio una peticion para inicializar un programa de kernel...
[INFO] 11:13:38:383 Memoria/(4016:4088): Se pasa a buscar espacio para el proceso 3...
[INFO] 11:15:28:59 Memoria/(4150:4150): Levantando memoria desde archivo de configuracion...
[INFO] 11:15:28:661 Memoria/(4150:4150): Se han inicializado las estructuras administrativas de memoria...
[INFO] 11:15:29:143 Memoria/(4150:4150): Escuchando clientes...
[INFO] 11:15:29:518 Memoria/(4150:4171): Esperando comando en la consola de memoria...
[INFO] 11:15:29:630 Memoria/(4150:4150): Conexion a consola memoria exitosa...

[INFO] 11:15:32:190 Memoria/(4150:4150): Se recibio una conexion de un socket cliente...
[INFO] 11:15:34:259 Memoria/(4150:4150): Registro nueva conexion de socket: 5

[INFO] 11:15:35:108 Memoria/(4150:4150): Se recibio una conexion de un socket cliente...
[INFO] 11:15:38:462 Memoria/(4150:4150): Se registro conexion de Kernel...

[INFO] 11:15:38:807 Memoria/(4150:4150): Handshake con kernel realizado.
[INFO] 11:15:43:14 Memoria/(4150:4225): Ser recibio una peticion para inicializar un programa de kernel...
[INFO] 11:15:52:334 Memoria/(4150:4225): Se pasa a buscar espacio para el proceso 3...
[INFO] 11:17:09:73 Memoria/(4375:4375): Levantando memoria desde archivo de configuracion...
[INFO] 11:17:10:373 Memoria/(4375:4375): Se han inicializado las estructuras administrativas de memoria...
[INFO] 11:17:10:857 Memoria/(4375:4375): Escuchando clientes...
[INFO] 11:17:11:220 Memoria/(4375:4397): Esperando comando en la consola de memoria...
[INFO] 11:17:11:339 Memoria/(4375:4375): Conexion a consola memoria exitosa...

[INFO] 11:17:14:90 Memoria/(4375:4375): Se recibio una conexion de un socket cliente...
[INFO] 11:17:16:157 Memoria/(4375:4375): Registro nueva conexion de socket: 5

[INFO] 11:17:17:631 Memoria/(4375:4375): Se recibio una conexion de un socket cliente...
[INFO] 11:17:22:547 Memoria/(4375:4375): Se registro conexion de Kernel...

[INFO] 11:17:22:803 Memoria/(4375:4375): Handshake con kernel realizado.
[INFO] 11:17:23:231 Memoria/(4375:4451): Ser recibio una peticion para inicializar un programa de kernel...
[INFO] 11:17:23:231 Memoria/(4375:4451): Se pasa a buscar espacio para el proceso 3...
[INFO] 11:17:23:231 Memoria/(4375:4451): Pasando a buscar numero de frame de la pagina 0 del proceso 3 con la funcion hash...
[INFO] 11:17:23:231 Memoria/(4375:4451): Frame calculado con hash 30...
[INFO] 11:17:23:231 Memoria/(4375:4451): Chequeando que sea el correcto...
[INFO] 11:17:23:231 Memoria/(4375:4451): El frame obtenido con la funcion hash es el correcto...
[INFO] 11:17:23:231 Memoria/(4375:4451): Pasando a buscar numero de frame de la pagina 0 del proceso 3 con la funcion hash...
[INFO] 11:17:23:231 Memoria/(4375:4451): Frame calculado con hash 30...
[INFO] 11:17:23:231 Memoria/(4375:4451): Chequeando que sea el correcto...
[INFO] 11:17:23:231 Memoria/(4375:4451): El frame obtenido con la funcion hash es el correcto...
[INFO] 11:17:23:231 Memoria/(4375:4451): Pasando a buscar numero de frame de la pagina 0 del proceso 3 con la funcion hash...
[INFO] 11:17:23:231 Memoria/(4375:4451): Frame calculado con hash 30...
[INFO] 11:17:23:231 Memoria/(4375:4451): Chequeando que sea el correcto...
[INFO] 11:17:23:231 Memoria/(4375:4451): El frame obtenido con la funcion hash es el correcto...
[INFO] 11:17:23:231 Memoria/(4375:4451): Pasando a buscar numero de frame de la pagina 0 del proceso 3 con la funcion hash...
[INFO] 11:17:23:231 Memoria/(4375:4451): Frame calculado con hash 30...
[INFO] 11:17:23:231 Memoria/(4375:4451): Chequeando que sea el correcto...
[INFO] 11:17:23:231 Memoria/(4375:4451): El frame obtenido con la funcion hash es el correcto...
[INFO] 11:17:23:231 Memoria/(4375:4451): Pasando a buscar numero de frame de la pagina 0 del proceso 3 con la funcion hash...
[INFO] 11:17:23:231 Memoria/(4375:4451): Frame calculado con hash 30...
[INFO] 11:17:23:231 Memoria/(4375:4451): Chequeando que sea el correcto...
[INFO] 11:17:23:231 Memoria/(4375:4451): El frame obtenido con la funcion hash es el correcto...
[INFO] 11:17:51:23 Memoria/(4485:4485): Levantando memoria desde archivo de configuracion...
[INFO] 11:17:51:630 Memoria/(4485:4485): Se han inicializado las estructuras administrativas de memoria...
[INFO] 11:17:52:111 Memoria/(4485:4485): Escuchando clientes...
[INFO] 11:17:52:475 Memoria/(4485:4506): Esperando comando en la consola de memoria...
[INFO] 11:17:52:597 Memoria/(4485:4485): Conexion a consola memoria exitosa...

[INFO] 11:17:55:415 Memoria/(4485:4485): Se recibio una conexion de un socket cliente...
[INFO] 11:17:57:482 Memoria/(4485:4485): Registro nueva conexion de socket: 5

[INFO] 11:17:58:826 Memoria/(4485:4485): Se recibio una conexion de un socket cliente...
[INFO] 11:18:03:539 Memoria/(4485:4485): Se registro conexion de Kernel...

[INFO] 11:18:03:954 Memoria/(4485:4485): Handshake con kernel realizado.
[INFO] 11:18:08:18 Memoria/(4485:4560): Ser recibio una peticion para inicializar un programa de kernel...
[INFO] 11:18:11:995 Memoria/(4485:4560): Se pasa a buscar espacio para el proceso 3...
[INFO] 11:18:53:748 Memoria/(4485:4560): Pasando a buscar numero de frame de la pagina 0 del proceso 3 con la funcion hash...
[INFO] 11:18:55:251 Memoria/(4485:4560): Frame calculado con hash 30...
[INFO] 11:18:55:755 Memoria/(4485:4560): Chequeando que sea el correcto...
[INFO] 11:19:09:35 Memoria/(4485:4560): El frame obtenido con la funcion hash es el correcto...
[INFO] 11:19:28:29 Memoria/(4485:4560): Pasando a buscar numero de frame de la pagina 0 del proceso 3 con la funcion hash...
[INFO] 11:19:32:222 Memoria/(4485:4560): Frame calculado con hash 30...
[INFO] 11:19:32:667 Memoria/(4485:4560): Chequeando que sea el correcto...
[INFO] 11:19:43:578 Memoria/(4485:4560): El frame obtenido con la funcion hash es el correcto...
[INFO] 11:19:45:398 Memoria/(4485:4560): Pasando a buscar numero de frame de la pagina 0 del proceso 3 con la funcion hash...
[INFO] 11:19:45:398 Memoria/(4485:4560): Frame calculado con hash 30...
[INFO] 11:19:45:398 Memoria/(4485:4560): Chequeando que sea el correcto...
[INFO] 11:19:45:398 Memoria/(4485:4560): El frame obtenido con la funcion hash es el correcto...
[INFO] 11:19:46:513 Memoria/(4485:4560): Pasando a buscar numero de frame de la pagina 0 del proceso 3 con la funcion hash...
[INFO] 11:19:46:513 Memoria/(4485:4560): Frame calculado con hash 30...
[INFO] 11:19:46:513 Memoria/(4485:4560): Chequeando que sea el correcto...
[INFO] 11:19:46:513 Memoria/(4485:4560): El frame obtenido con la funcion hash es el correcto...
[INFO] 11:19:47:619 Memoria/(4485:4560): Pasando a buscar numero de frame de la pagina 0 del proceso 3 con la funcion hash...
[INFO] 11:19:47:619 Memoria/(4485:4560): Frame calculado con hash 30...
[INFO] 11:19:47:619 Memoria/(4485:4560): Chequeando que sea el correcto...
[INFO] 11:19:47:619 Memoria/(4485:4560): El frame obtenido con la funcion hash es el correcto...
[INFO] 11:28:34:749 Memoria/(4910:4910): Levantando memoria desde archivo de configuracion...
[INFO] 11:28:35:383 Memoria/(4910:4910): Se han inicializado las estructuras administrativas de memoria...
[INFO] 11:28:35:869 Memoria/(4910:4910): Escuchando clientes...
[INFO] 11:28:36:235 Memoria/(4910:4933): Esperando comando en la consola de memoria...
[INFO] 11:28:36:353 Memoria/(4910:4910): Conexion a consola memoria exitosa...

[INFO] 11:28:38:600 Memoria/(4910:4910): Se recibio una conexion de un socket cliente...
[INFO] 11:28:40:677 Memoria/(4910:4910): Registro nueva conexion de socket: 5

[INFO] 11:28:41:524 Memoria/(4910:4910): Se recibio una conexion de un socket cliente...
[INFO] 11:28:44:577 Memoria/(4910:4910): Se registro conexion de Kernel...

[INFO] 11:28:44:756 Memoria/(4910:4910): Handshake con kernel realizado.
[INFO] 11:28:48:897 Memoria/(4910:4987): Ser recibio una peticion para inicializar un programa de kernel...
[INFO] 11:28:50:561 Memoria/(4910:4987): Se pasa a buscar espacio para el proceso 3...
[INFO] 11:29:19:682 Memoria/(4910:4987): Pasando a buscar numero de frame de la pagina 0 del proceso 3 con la funcion hash...
[INFO] 11:29:19:682 Memoria/(4910:4987): Frame calculado con hash 30...
[INFO] 11:29:19:682 Memoria/(4910:4987): Chequeando que sea el correcto...
[INFO] 11:29:19:682 Memoria/(4910:4987): El frame obtenido con la funcion hash es el correcto...
[INFO] 11:29:25:739 Memoria/(4910:4987): Pasando a buscar numero de frame de la pagina 1 del proceso 3 con la funcion hash...
[INFO] 11:29:25:739 Memoria/(4910:4987): Frame calculado con hash 31...
[INFO] 11:29:25:739 Memoria/(4910:4987): Chequeando que sea el correcto...
[INFO] 11:29:25:739 Memoria/(4910:4987): El frame obtenido con la funcion hash es el correcto...
[INFO] 11:29:31:35 Memoria/(4910:4987): Pasando a buscar numero de frame de la pagina 2 del proceso 3 con la funcion hash...
[INFO] 11:29:31:35 Memoria/(4910:4987): Frame calculado con hash 32...
[INFO] 11:29:31:35 Memoria/(4910:4987): Chequeando que sea el correcto...
[INFO] 11:29:31:35 Memoria/(4910:4987): El frame obtenido con la funcion hash es el correcto...
[INFO] 11:29:34:155 Memoria/(4910:4987): Pasando a buscar numero de frame de la pagina 3 del proceso 3 con la funcion hash...
[INFO] 11:29:34:155 Memoria/(4910:4987): Frame calculado con hash 33...
[INFO] 11:29:34:155 Memoria/(4910:4987): Chequeando que sea el correcto...
[INFO] 11:29:34:155 Memoria/(4910:4987): El frame obtenido con la funcion hash es el correcto...
[INFO] 11:29:37:601 Memoria/(4910:4987): Pasando a buscar numero de frame de la pagina 4 del proceso 3 con la funcion hash...
[INFO] 11:29:37:601 Memoria/(4910:4987): Frame calculado con hash 34...
[INFO] 11:29:37:601 Memoria/(4910:4987): Chequeando que sea el correcto...
[INFO] 11:29:37:601 Memoria/(4910:4987): El frame obtenido con la funcion hash es el correcto...
[INFO] 11:36:20:692 Memoria/(5141:5141): Levantando memoria desde archivo de configuracion...
[INFO] 11:36:21:300 Memoria/(5141:5141): Se han inicializado las estructuras administrativas de memoria...
[INFO] 11:36:21:785 Memoria/(5141:5141): Escuchando clientes...
[INFO] 11:36:22:153 Memoria/(5141:5163): Esperando comando en la consola de memoria...
[INFO] 11:36:22:272 Memoria/(5141:5141): Conexion a consola memoria exitosa...

[INFO] 11:36:24:683 Memoria/(5141:5141): Se recibio una conexion de un socket cliente...
[INFO] 11:36:26:763 Memoria/(5141:5141): Registro nueva conexion de socket: 5

[INFO] 11:36:28:28 Memoria/(5141:5141): Se recibio una conexion de un socket cliente...
[INFO] 11:36:31:987 Memoria/(5141:5141): Se registro conexion de Kernel...

[INFO] 11:36:32:155 Memoria/(5141:5141): Handshake con kernel realizado.
[INFO] 11:36:34:220 Memoria/(5141:5217): Ser recibio una peticion para inicializar un programa de kernel...
[INFO] 11:36:36:773 Memoria/(5141:5217): Se pasa a buscar espacio para el proceso 3...
[INFO] 11:36:51:563 Memoria/(5141:5217): Pasando a buscar numero de frame de la pagina 0 del proceso 3 con la funcion hash...
[INFO] 11:36:51:563 Memoria/(5141:5217): Frame calculado con hash 30...
[INFO] 11:36:51:563 Memoria/(5141:5217): Chequeando que sea el correcto...
[INFO] 11:36:51:563 Memoria/(5141:5217): El frame obtenido con la funcion hash es el correcto...
[INFO] 11:37:00:727 Memoria/(5141:5217): Pasando a buscar numero de frame de la pagina 1 del proceso 3 con la funcion hash...
[INFO] 11:37:00:727 Memoria/(5141:5217): Frame calculado con hash 31...
[INFO] 11:37:00:727 Memoria/(5141:5217): Chequeando que sea el correcto...
[INFO] 11:37:00:727 Memoria/(5141:5217): El frame obtenido con la funcion hash es el correcto...
[INFO] 11:37:14:888 Memoria/(5141:5217): Pasando a buscar numero de frame de la pagina 2 del proceso 3 con la funcion hash...
[INFO] 11:37:14:888 Memoria/(5141:5217): Frame calculado con hash 32...
[INFO] 11:37:14:888 Memoria/(5141:5217): Chequeando que sea el correcto...
[INFO] 11:37:14:888 Memoria/(5141:5217): El frame obtenido con la funcion hash es el correcto...
[INFO] 11:37:18:55 Memoria/(5141:5217): Pasando a buscar numero de frame de la pagina 3 del proceso 3 con la funcion hash...
[INFO] 11:37:18:55 Memoria/(5141:5217): Frame calculado con hash 33...
[INFO] 11:37:18:55 Memoria/(5141:5217): Chequeando que sea el correcto...
[INFO] 11:37:18:55 Memoria/(5141:5217): El frame obtenido con la funcion hash es el correcto...
